<?xml version="1.0" encoding="UTF-8"?>
<coverage generated="1601899608954" clover="3.2.0">
  <project timestamp="1601899608954" name="All files">
    <metrics statements="33" coveredstatements="26" conditionals="36" coveredconditionals="26" methods="6" coveredmethods="6" elements="75" coveredelements="58" complexity="0" loc="33" ncloc="33" packages="1" files="2" classes="2"/>
    <file name="index.ts" path="C:\Work\Assignment\Rating-Bar-Repo\orxe-car-rating-bar\packages\orxe-rating-bar\src\index.ts">
      <metrics statements="0" coveredstatements="0" conditionals="0" coveredconditionals="0" methods="0" coveredmethods="0"/>
    </file>
    <file name="orxe-orxe-rating-bar.ts" path="C:\Work\Assignment\Rating-Bar-Repo\orxe-car-rating-bar\packages\orxe-rating-bar\src\orxe-orxe-rating-bar.ts">
      <metrics statements="33" coveredstatements="26" conditionals="36" coveredconditionals="26" methods="6" coveredmethods="6"/>
      <line num="8" count="7" type="stmt"/>
      <line num="11" count="7" type="stmt"/>
      <line num="14" count="7" type="stmt"/>
      <line num="19" count="2" type="stmt"/>
      <line num="25" count="13" type="stmt"/>
      <line num="26" count="13" type="stmt"/>
      <line num="37" count="13" type="cond" truecount="1" falsecount="1"/>
      <line num="47" count="13" type="stmt"/>
      <line num="48" count="13" type="cond" truecount="2" falsecount="0"/>
      <line num="49" count="11" type="cond" truecount="1" falsecount="1"/>
      <line num="50" count="0" type="stmt"/>
      <line num="51" count="11" type="cond" truecount="1" falsecount="1"/>
      <line num="52" count="0" type="stmt"/>
      <line num="54" count="11" type="stmt"/>
      <line num="57" count="2" type="cond" truecount="1" falsecount="1"/>
      <line num="58" count="0" type="stmt"/>
      <line num="59" count="2" type="cond" truecount="1" falsecount="1"/>
      <line num="60" count="0" type="stmt"/>
      <line num="62" count="2" type="stmt"/>
      <line num="65" count="13" type="stmt"/>
      <line num="69" count="13" type="cond" truecount="4" falsecount="0"/>
      <line num="70" count="8" type="stmt"/>
      <line num="71" count="5" type="cond" truecount="3" falsecount="1"/>
      <line num="72" count="0" type="stmt"/>
      <line num="73" count="5" type="cond" truecount="3" falsecount="1"/>
      <line num="74" count="0" type="stmt"/>
      <line num="75" count="5" type="cond" truecount="3" falsecount="1"/>
      <line num="76" count="0" type="stmt"/>
      <line num="77" count="5" type="cond" truecount="2" falsecount="0"/>
      <line num="78" count="1" type="stmt"/>
      <line num="80" count="4" type="stmt"/>
      <line num="85" count="11" type="stmt"/>
      <line num="104" count="2" type="stmt"/>
    </file>
  </project>
</coverage>
