{"C:\\Work\\Assignment\\Rating-Bar-Repo\\orxe-car-rating-bar\\packages\\orxe-rating-bar\\src\\index.ts": {"path":"C:\\Work\\Assignment\\Rating-Bar-Repo\\orxe-car-rating-bar\\packages\\orxe-rating-bar\\src\\index.ts","statementMap":{},"fnMap":{},"branchMap":{},"s":{},"f":{},"b":{},"_coverageSchema":"1a1c01bbd47fc00a2c39e90264f33305004495a9","hash":"3d7551963dd5682aa3c8f22e5b0df995e25a152f"}
,"C:\\Work\\Assignment\\Rating-Bar-Repo\\orxe-car-rating-bar\\packages\\orxe-rating-bar\\src\\orxe-orxe-rating-bar.ts": {"path":"C:\\Work\\Assignment\\Rating-Bar-Repo\\orxe-car-rating-bar\\packages\\orxe-rating-bar\\src\\orxe-orxe-rating-bar.ts","statementMap":{"0":{"start":{"line":8,"column":29},"end":{"line":8,"column":36}},"1":{"start":{"line":11,"column":10},"end":{"line":11,"column":16}},"2":{"start":{"line":14,"column":11},"end":{"line":14,"column":15}},"3":{"start":{"line":19,"column":18},"end":{"line":19,"column":24}},"4":{"start":{"line":25,"column":4},"end":{"line":25,"column":53}},"5":{"start":{"line":26,"column":4},"end":{"line":33,"column":6}},"6":{"start":{"line":37,"column":4},"end":{"line":43,"column":44}},"7":{"start":{"line":47,"column":21},"end":{"line":47,"column":23}},"8":{"start":{"line":48,"column":4},"end":{"line":64,"column":5}},"9":{"start":{"line":49,"column":6},"end":{"line":55,"column":7}},"10":{"start":{"line":50,"column":8},"end":{"line":50,"column":42}},"11":{"start":{"line":51,"column":13},"end":{"line":55,"column":7}},"12":{"start":{"line":52,"column":8},"end":{"line":52,"column":47}},"13":{"start":{"line":54,"column":8},"end":{"line":54,"column":72}},"14":{"start":{"line":57,"column":6},"end":{"line":63,"column":7}},"15":{"start":{"line":58,"column":8},"end":{"line":58,"column":35}},"16":{"start":{"line":59,"column":13},"end":{"line":63,"column":7}},"17":{"start":{"line":60,"column":8},"end":{"line":60,"column":33}},"18":{"start":{"line":62,"column":8},"end":{"line":62,"column":53}},"19":{"start":{"line":65,"column":4},"end":{"line":65,"column":20}},"20":{"start":{"line":69,"column":4},"end":{"line":81,"column":5}},"21":{"start":{"line":70,"column":6},"end":{"line":70,"column":37}},"22":{"start":{"line":71,"column":11},"end":{"line":81,"column":5}},"23":{"start":{"line":72,"column":6},"end":{"line":72,"column":38}},"24":{"start":{"line":73,"column":11},"end":{"line":81,"column":5}},"25":{"start":{"line":74,"column":6},"end":{"line":74,"column":41}},"26":{"start":{"line":75,"column":11},"end":{"line":81,"column":5}},"27":{"start":{"line":76,"column":6},"end":{"line":76,"column":39}},"28":{"start":{"line":77,"column":11},"end":{"line":81,"column":5}},"29":{"start":{"line":78,"column":6},"end":{"line":78,"column":43}},"30":{"start":{"line":80,"column":6},"end":{"line":80,"column":16}},"31":{"start":{"line":85,"column":4},"end":{"line":100,"column":8}},"32":{"start":{"line":104,"column":4},"end":{"line":116,"column":6}}},"fnMap":{"0":{"name":"(anonymous_0)","decl":{"start":{"line":24,"column":2},"end":{"line":24,"column":3}},"loc":{"start":{"line":24,"column":11},"end":{"line":34,"column":3}},"line":24},"1":{"name":"(anonymous_1)","decl":{"start":{"line":36,"column":2},"end":{"line":36,"column":3}},"loc":{"start":{"line":36,"column":43},"end":{"line":44,"column":3}},"line":36},"2":{"name":"(anonymous_2)","decl":{"start":{"line":46,"column":2},"end":{"line":46,"column":3}},"loc":{"start":{"line":46,"column":24},"end":{"line":66,"column":3}},"line":46},"3":{"name":"(anonymous_3)","decl":{"start":{"line":68,"column":2},"end":{"line":68,"column":3}},"loc":{"start":{"line":68,"column":29},"end":{"line":82,"column":3}},"line":68},"4":{"name":"(anonymous_4)","decl":{"start":{"line":84,"column":2},"end":{"line":84,"column":3}},"loc":{"start":{"line":84,"column":33},"end":{"line":101,"column":3}},"line":84},"5":{"name":"(anonymous_5)","decl":{"start":{"line":103,"column":2},"end":{"line":103,"column":3}},"loc":{"start":{"line":103,"column":34},"end":{"line":117,"column":3}},"line":103}},"branchMap":{"0":{"loc":{"start":{"line":28,"column":11},"end":{"line":30,"column":39}},"type":"cond-expr","locations":[{"start":{"line":29,"column":10},"end":{"line":29,"column":38}},{"start":{"line":30,"column":10},"end":{"line":30,"column":39}}],"line":28},"1":{"loc":{"start":{"line":37,"column":11},"end":{"line":43,"column":43}},"type":"cond-expr","locations":[{"start":{"line":38,"column":8},"end":{"line":38,"column":9}},{"start":{"line":39,"column":8},"end":{"line":43,"column":43}}],"line":37},"2":{"loc":{"start":{"line":39,"column":8},"end":{"line":43,"column":43}},"type":"cond-expr","locations":[{"start":{"line":40,"column":10},"end":{"line":40,"column":12}},{"start":{"line":41,"column":10},"end":{"line":43,"column":43}}],"line":39},"3":{"loc":{"start":{"line":41,"column":10},"end":{"line":43,"column":43}},"type":"cond-expr","locations":[{"start":{"line":42,"column":12},"end":{"line":42,"column":13}},{"start":{"line":43,"column":12},"end":{"line":43,"column":43}}],"line":41},"4":{"loc":{"start":{"line":48,"column":4},"end":{"line":64,"column":5}},"type":"if","locations":[{"start":{"line":48,"column":4},"end":{"line":64,"column":5}},{"start":{"line":48,"column":4},"end":{"line":64,"column":5}}],"line":48},"5":{"loc":{"start":{"line":49,"column":6},"end":{"line":55,"column":7}},"type":"if","locations":[{"start":{"line":49,"column":6},"end":{"line":55,"column":7}},{"start":{"line":49,"column":6},"end":{"line":55,"column":7}}],"line":49},"6":{"loc":{"start":{"line":51,"column":13},"end":{"line":55,"column":7}},"type":"if","locations":[{"start":{"line":51,"column":13},"end":{"line":55,"column":7}},{"start":{"line":51,"column":13},"end":{"line":55,"column":7}}],"line":51},"7":{"loc":{"start":{"line":57,"column":6},"end":{"line":63,"column":7}},"type":"if","locations":[{"start":{"line":57,"column":6},"end":{"line":63,"column":7}},{"start":{"line":57,"column":6},"end":{"line":63,"column":7}}],"line":57},"8":{"loc":{"start":{"line":59,"column":13},"end":{"line":63,"column":7}},"type":"if","locations":[{"start":{"line":59,"column":13},"end":{"line":63,"column":7}},{"start":{"line":59,"column":13},"end":{"line":63,"column":7}}],"line":59},"9":{"loc":{"start":{"line":69,"column":4},"end":{"line":81,"column":5}},"type":"if","locations":[{"start":{"line":69,"column":4},"end":{"line":81,"column":5}},{"start":{"line":69,"column":4},"end":{"line":81,"column":5}}],"line":69},"10":{"loc":{"start":{"line":69,"column":8},"end":{"line":69,"column":43}},"type":"binary-expr","locations":[{"start":{"line":69,"column":8},"end":{"line":69,"column":24}},{"start":{"line":69,"column":28},"end":{"line":69,"column":43}}],"line":69},"11":{"loc":{"start":{"line":71,"column":11},"end":{"line":81,"column":5}},"type":"if","locations":[{"start":{"line":71,"column":11},"end":{"line":81,"column":5}},{"start":{"line":71,"column":11},"end":{"line":81,"column":5}}],"line":71},"12":{"loc":{"start":{"line":71,"column":15},"end":{"line":71,"column":50}},"type":"binary-expr","locations":[{"start":{"line":71,"column":15},"end":{"line":71,"column":31}},{"start":{"line":71,"column":35},"end":{"line":71,"column":50}}],"line":71},"13":{"loc":{"start":{"line":73,"column":11},"end":{"line":81,"column":5}},"type":"if","locations":[{"start":{"line":73,"column":11},"end":{"line":81,"column":5}},{"start":{"line":73,"column":11},"end":{"line":81,"column":5}}],"line":73},"14":{"loc":{"start":{"line":73,"column":15},"end":{"line":73,"column":50}},"type":"binary-expr","locations":[{"start":{"line":73,"column":15},"end":{"line":73,"column":31}},{"start":{"line":73,"column":35},"end":{"line":73,"column":50}}],"line":73},"15":{"loc":{"start":{"line":75,"column":11},"end":{"line":81,"column":5}},"type":"if","locations":[{"start":{"line":75,"column":11},"end":{"line":81,"column":5}},{"start":{"line":75,"column":11},"end":{"line":81,"column":5}}],"line":75},"16":{"loc":{"start":{"line":75,"column":15},"end":{"line":75,"column":52}},"type":"binary-expr","locations":[{"start":{"line":75,"column":15},"end":{"line":75,"column":31}},{"start":{"line":75,"column":35},"end":{"line":75,"column":52}}],"line":75},"17":{"loc":{"start":{"line":77,"column":11},"end":{"line":81,"column":5}},"type":"if","locations":[{"start":{"line":77,"column":11},"end":{"line":81,"column":5}},{"start":{"line":77,"column":11},"end":{"line":81,"column":5}}],"line":77}},"s":{"0":7,"1":7,"2":7,"3":2,"4":13,"5":13,"6":13,"7":13,"8":13,"9":11,"10":0,"11":11,"12":0,"13":11,"14":2,"15":0,"16":2,"17":0,"18":2,"19":13,"20":13,"21":8,"22":5,"23":0,"24":5,"25":0,"26":5,"27":0,"28":5,"29":1,"30":4,"31":11,"32":2},"f":{"0":13,"1":13,"2":13,"3":13,"4":11,"5":2},"b":{"0":[11,2],"1":[0,13],"2":[0,13],"3":[0,13],"4":[11,2],"5":[0,11],"6":[0,11],"7":[0,2],"8":[0,2],"9":[8,5],"10":[13,9],"11":[0,5],"12":[5,1],"13":[0,5],"14":[5,1],"15":[0,5],"16":[5,1],"17":[1,4]},"_coverageSchema":"1a1c01bbd47fc00a2c39e90264f33305004495a9","hash":"5326629a9e7346bb60ca1f815d1606e2d2237c66"}
}
