TN:
SF:src\index.ts
FNF:0
FNH:0
LF:0
LH:0
BRF:0
BRH:0
end_of_record
TN:
SF:src\orxe-orxe-rating-bar.ts
FN:24,(anonymous_0)
FN:36,(anonymous_1)
FN:46,(anonymous_2)
FN:68,(anonymous_3)
FN:84,(anonymous_4)
FN:103,(anonymous_5)
FNF:6
FNH:6
FNDA:13,(anonymous_0)
FNDA:13,(anonymous_1)
FNDA:13,(anonymous_2)
FNDA:13,(anonymous_3)
FNDA:11,(anonymous_4)
FNDA:2,(anonymous_5)
DA:8,7
DA:11,7
DA:14,7
DA:19,2
DA:25,13
DA:26,13
DA:37,13
DA:47,13
DA:48,13
DA:49,11
DA:50,0
DA:51,11
DA:52,0
DA:54,11
DA:57,2
DA:58,0
DA:59,2
DA:60,0
DA:62,2
DA:65,13
DA:69,13
DA:70,8
DA:71,5
DA:72,0
DA:73,5
DA:74,0
DA:75,5
DA:76,0
DA:77,5
DA:78,1
DA:80,4
DA:85,11
DA:104,2
LF:33
LH:26
BRDA:28,0,0,11
BRDA:28,0,1,2
BRDA:37,1,0,0
BRDA:37,1,1,13
BRDA:39,2,0,0
BRDA:39,2,1,13
BRDA:41,3,0,0
BRDA:41,3,1,13
BRDA:48,4,0,11
BRDA:48,4,1,2
BRDA:49,5,0,0
BRDA:49,5,1,11
BRDA:51,6,0,0
BRDA:51,6,1,11
BRDA:57,7,0,0
BRDA:57,7,1,2
BRDA:59,8,0,0
BRDA:59,8,1,2
BRDA:69,9,0,8
BRDA:69,9,1,5
BRDA:69,10,0,13
BRDA:69,10,1,9
BRDA:71,11,0,0
BRDA:71,11,1,5
BRDA:71,12,0,5
BRDA:71,12,1,1
BRDA:73,13,0,0
BRDA:73,13,1,5
BRDA:73,14,0,5
BRDA:73,14,1,1
BRDA:75,15,0,0
BRDA:75,15,1,5
BRDA:75,16,0,5
BRDA:75,16,1,1
BRDA:77,17,0,1
BRDA:77,17,1,4
BRF:36
BRH:26
end_of_record
